<?xml version="1.0" encoding="UTF-8"?>
<coverage generated="1783270719366" clover="3.2.0">
  <project timestamp="1783270719366" name="All files">
    <metrics statements="95" coveredstatements="63" conditionals="37" coveredconditionals="14" methods="19" coveredmethods="9" elements="151" coveredelements="86" complexity="0" loc="95" ncloc="95" packages="7" files="13" classes="13"/>
    <package name="api.v1">
      <metrics statements="5" coveredstatements="5" conditionals="0" coveredconditionals="0" methods="1" coveredmethods="1"/>
      <file name="index.ts" path="/Users/steven.barquet/repos/monorepo-template-2026-react-vite-express/apps/backend/src/api/v1/index.ts">
        <metrics statements="5" coveredstatements="5" conditionals="0" coveredconditionals="0" methods="1" coveredmethods="1"/>
        <line num="7" count="3" type="stmt"/>
        <line num="9" count="3" type="stmt"/>
        <line num="10" count="1" type="stmt"/>
        <line num="16" count="3" type="stmt"/>
        <line num="21" count="6" type="stmt"/>
      </file>
    </package>
    <package name="api.v1.items">
      <metrics statements="8" coveredstatements="8" conditionals="2" coveredconditionals="2" methods="1" coveredmethods="1"/>
      <file name="controller.ts" path="/Users/steven.barquet/repos/monorepo-template-2026-react-vite-express/apps/backend/src/api/v1/items/controller.ts">
        <metrics statements="8" coveredstatements="8" conditionals="2" coveredconditionals="2" methods="1" coveredmethods="1"/>
        <line num="3" count="3" type="stmt"/>
        <line num="5" count="3" type="stmt"/>
        <line num="13" count="3" type="stmt"/>
        <line num="19" count="2" type="cond" truecount="2" falsecount="0"/>
        <line num="20" count="1" type="stmt"/>
        <line num="23" count="1" type="stmt"/>
        <line num="29" count="1" type="stmt"/>
        <line num="32" count="3" type="stmt"/>
      </file>
    </package>
    <package name="api.v1.ws-triggers">
      <metrics statements="27" coveredstatements="3" conditionals="15" coveredconditionals="0" methods="5" coveredmethods="0"/>
      <file name="constants.ts" path="/Users/steven.barquet/repos/monorepo-template-2026-react-vite-express/apps/backend/src/api/v1/ws-triggers/constants.ts">
        <metrics statements="2" coveredstatements="0" conditionals="1" coveredconditionals="0" methods="1" coveredmethods="0"/>
        <line num="5" count="0" type="cond" truecount="0" falsecount="1"/>
        <line num="7" count="0" type="stmt"/>
      </file>
      <file name="controller.ts" path="/Users/steven.barquet/repos/monorepo-template-2026-react-vite-express/apps/backend/src/api/v1/ws-triggers/controller.ts">
        <metrics statements="25" coveredstatements="3" conditionals="14" coveredconditionals="0" methods="4" coveredmethods="0"/>
        <line num="6" count="3" type="stmt"/>
        <line num="8" count="3" type="stmt"/>
        <line num="10" count="3" type="stmt"/>
        <line num="29" count="0" type="stmt"/>
        <line num="35" count="0" type="stmt"/>
        <line num="36" count="0" type="stmt"/>
        <line num="40" count="0" type="cond" truecount="0" falsecount="2"/>
        <line num="42" count="0" type="stmt"/>
        <line num="44" count="0" type="cond" truecount="0" falsecount="2"/>
        <line num="45" count="0" type="stmt"/>
        <line num="46" count="0" type="stmt"/>
        <line num="49" count="0" type="stmt"/>
        <line num="50" count="0" type="stmt"/>
        <line num="51" count="0" type="stmt"/>
        <line num="52" count="0" type="stmt"/>
        <line num="53" count="0" type="stmt"/>
        <line num="54" count="0" type="stmt"/>
        <line num="55" count="0" type="cond" truecount="0" falsecount="2"/>
        <line num="56" count="0" type="stmt"/>
        <line num="59" count="0" type="stmt"/>
        <line num="60" count="0" type="stmt"/>
        <line num="63" count="0" type="cond" truecount="0" falsecount="2"/>
        <line num="64" count="0" type="stmt"/>
        <line num="66" count="0" type="stmt"/>
        <line num="70" count="0" type="stmt"/>
      </file>
    </package>
    <package name="app">
      <metrics statements="18" coveredstatements="11" conditionals="2" coveredconditionals="0" methods="7" coveredmethods="2"/>
      <file name="express-app.ts" path="/Users/steven.barquet/repos/monorepo-template-2026-react-vite-express/apps/backend/src/app/express-app.ts">
        <metrics statements="9" coveredstatements="9" conditionals="0" coveredconditionals="0" methods="2" coveredmethods="2"/>
        <line num="9" count="3" type="stmt"/>
        <line num="11" count="3" type="stmt"/>
        <line num="13" count="3" type="stmt"/>
        <line num="14" count="1" type="stmt"/>
        <line num="20" count="3" type="stmt"/>
        <line num="22" count="3" type="stmt"/>
        <line num="23" count="3" type="stmt"/>
        <line num="24" count="3" type="stmt"/>
        <line num="27" count="3" type="stmt"/>
      </file>
      <file name="ws.ts" path="/Users/steven.barquet/repos/monorepo-template-2026-react-vite-express/apps/backend/src/app/ws.ts">
        <metrics statements="9" coveredstatements="2" conditionals="2" coveredconditionals="0" methods="5" coveredmethods="0"/>
        <line num="4" count="3" type="stmt"/>
        <line num="7" count="3" type="stmt"/>
        <line num="8" count="0" type="stmt"/>
        <line num="9" count="0" type="stmt"/>
        <line num="14" count="0" type="stmt"/>
        <line num="15" count="0" type="cond" truecount="0" falsecount="2"/>
        <line num="16" count="0" type="stmt"/>
        <line num="17" count="0" type="stmt"/>
        <line num="21" count="0" type="stmt"/>
      </file>
    </package>
    <package name="configs">
      <metrics statements="1" coveredstatements="1" conditionals="0" coveredconditionals="0" methods="0" coveredmethods="0"/>
      <file name="typed-envs.ts" path="/Users/steven.barquet/repos/monorepo-template-2026-react-vite-express/apps/backend/src/configs/typed-envs.ts">
        <metrics statements="1" coveredstatements="1" conditionals="0" coveredconditionals="0" methods="0" coveredmethods="0"/>
        <line num="6" count="3" type="stmt"/>
      </file>
    </package>
    <package name="configs.envs">
      <metrics statements="26" coveredstatements="25" conditionals="14" coveredconditionals="10" methods="2" coveredmethods="2"/>
      <file name="default.ts" path="/Users/steven.barquet/repos/monorepo-template-2026-react-vite-express/apps/backend/src/configs/envs/default.ts">
        <metrics statements="3" coveredstatements="3" conditionals="2" coveredconditionals="2" methods="0" coveredmethods="0"/>
        <line num="4" count="3" type="stmt"/>
        <line num="6" count="3" type="cond" truecount="2" falsecount="0"/>
        <line num="9" count="3" type="stmt"/>
      </file>
      <file name="dev.ts" path="/Users/steven.barquet/repos/monorepo-template-2026-react-vite-express/apps/backend/src/configs/envs/dev.ts">
        <metrics statements="3" coveredstatements="3" conditionals="0" coveredconditionals="0" methods="0" coveredmethods="0"/>
        <line num="3" count="3" type="stmt"/>
        <line num="5" count="3" type="stmt"/>
        <line num="8" count="3" type="stmt"/>
      </file>
      <file name="index.ts" path="/Users/steven.barquet/repos/monorepo-template-2026-react-vite-express/apps/backend/src/configs/envs/index.ts">
        <metrics statements="14" coveredstatements="13" conditionals="10" coveredconditionals="6" methods="2" coveredmethods="2"/>
        <line num="6" count="3" type="cond" truecount="1" falsecount="1"/>
        <line num="8" count="3" type="stmt"/>
        <line num="14" count="3" type="stmt"/>
        <line num="17" count="3" type="stmt"/>
        <line num="19" count="3" type="stmt"/>
        <line num="20" count="15" type="stmt"/>
        <line num="22" count="15" type="stmt"/>
        <line num="23" count="15" type="cond" truecount="1" falsecount="1"/>
        <line num="24" count="0" type="stmt"/>
        <line num="26" count="3" type="stmt"/>
        <line num="30" count="15" type="cond" truecount="3" falsecount="1"/>
        <line num="31" count="15" type="cond" truecount="1" falsecount="1"/>
        <line num="32" count="15" type="stmt"/>
        <line num="36" count="3" type="stmt"/>
      </file>
      <file name="prod.ts" path="/Users/steven.barquet/repos/monorepo-template-2026-react-vite-express/apps/backend/src/configs/envs/prod.ts">
        <metrics statements="3" coveredstatements="3" conditionals="2" coveredconditionals="2" methods="0" coveredmethods="0"/>
        <line num="6" count="3" type="cond" truecount="2" falsecount="0"/>
        <line num="8" count="3" type="stmt"/>
        <line num="11" count="3" type="stmt"/>
      </file>
      <file name="secrets.ts" path="/Users/steven.barquet/repos/monorepo-template-2026-react-vite-express/apps/backend/src/configs/envs/secrets.ts">
        <metrics statements="3" coveredstatements="3" conditionals="0" coveredconditionals="0" methods="0" coveredmethods="0"/>
        <line num="5" count="3" type="stmt"/>
        <line num="6" count="3" type="stmt"/>
        <line num="10" count="3" type="stmt"/>
      </file>
    </package>
    <package name="middlewares">
      <metrics statements="10" coveredstatements="10" conditionals="4" coveredconditionals="2" methods="3" coveredmethods="3"/>
      <file name="general-and-small.ts" path="/Users/steven.barquet/repos/monorepo-template-2026-react-vite-express/apps/backend/src/middlewares/general-and-small.ts">
        <metrics statements="10" coveredstatements="10" conditionals="4" coveredconditionals="2" methods="3" coveredmethods="3"/>
        <line num="11" count="3" type="stmt"/>
        <line num="12" count="3" type="stmt"/>
        <line num="13" count="3" type="stmt"/>
        <line num="14" count="3" type="stmt"/>
        <line num="19" count="1" type="stmt"/>
        <line num="20" count="1" type="stmt"/>
        <line num="21" count="1" type="stmt"/>
        <line num="26" count="1" type="cond" truecount="1" falsecount="1"/>
        <line num="27" count="1" type="stmt"/>
        <line num="28" count="1" type="stmt"/>
      </file>
    </package>
  </project>
</coverage>
