{"/Users/steven.barquet/repos/monorepo-template-2026-react-vite-express/apps/backend/src/api/v1/index.ts": {"path":"/Users/steven.barquet/repos/monorepo-template-2026-react-vite-express/apps/backend/src/api/v1/index.ts","statementMap":{"0":{"start":{"line":7,"column":15},"end":{"line":7,"column":null}},"1":{"start":{"line":9,"column":0},"end":{"line":13,"column":null}},"2":{"start":{"line":10,"column":2},"end":{"line":12,"column":null}},"3":{"start":{"line":16,"column":15},"end":{"line":19,"column":null}},"4":{"start":{"line":21,"column":0},"end":{"line":21,"column":null}},"5":{"start":{"line":21,"column":24},"end":{"line":21,"column":null}}},"fnMap":{"0":{"name":"(anonymous_0)","decl":{"start":{"line":9,"column":36},"end":{"line":9,"column":42}},"loc":{"start":{"line":9,"column":55},"end":{"line":13,"column":1}},"line":9}},"branchMap":{},"s":{"0":3,"1":3,"2":1,"3":3,"4":3,"5":6},"f":{"0":1},"b":{},"meta":{"lastBranch":0,"lastFunction":1,"lastStatement":6,"seen":{"s:7:15:7:Infinity":0,"s:9:0:13:Infinity":1,"f:9:36:9:42":0,"s:10:2:12:Infinity":2,"s:16:15:19:Infinity":3,"s:21:0:21:Infinity":4,"s:21:24:21:Infinity":5},"fnNames":{}}}
,"/Users/steven.barquet/repos/monorepo-template-2026-react-vite-express/apps/backend/src/api/v1/items/controller.ts": {"path":"/Users/steven.barquet/repos/monorepo-template-2026-react-vite-express/apps/backend/src/api/v1/items/controller.ts","statementMap":{"0":{"start":{"line":3,"column":15},"end":{"line":3,"column":null}},"1":{"start":{"line":5,"column":0},"end":{"line":5,"column":null}},"2":{"start":{"line":13,"column":26},"end":{"line":16,"column":null}},"3":{"start":{"line":19,"column":2},"end":{"line":21,"column":null}},"4":{"start":{"line":20,"column":4},"end":{"line":20,"column":null}},"5":{"start":{"line":23,"column":24},"end":{"line":27,"column":null}},"6":{"start":{"line":29,"column":2},"end":{"line":29,"column":null}},"7":{"start":{"line":32,"column":27},"end":{"line":32,"column":null}}},"fnMap":{"0":{"name":"logic","decl":{"start":{"line":18,"column":9},"end":{"line":18,"column":15}},"loc":{"start":{"line":18,"column":89},"end":{"line":30,"column":null}},"line":18}},"branchMap":{"0":{"loc":{"start":{"line":19,"column":2},"end":{"line":21,"column":null}},"type":"if","locations":[{"start":{"line":19,"column":2},"end":{"line":21,"column":null}},{"start":{},"end":{}}],"line":19}},"s":{"0":3,"1":3,"2":3,"3":2,"4":1,"5":1,"6":1,"7":3},"f":{"0":2},"b":{"0":[1,1]},"meta":{"lastBranch":1,"lastFunction":1,"lastStatement":8,"seen":{"s:3:15:3:Infinity":0,"s:5:0:5:Infinity":1,"s:13:26:16:Infinity":2,"f:18:9:18:15":0,"b:19:2:21:Infinity:undefined:undefined:undefined:undefined":0,"s:19:2:21:Infinity":3,"s:20:4:20:Infinity":4,"s:23:24:27:Infinity":5,"s:29:2:29:Infinity":6,"s:32:27:32:Infinity":7},"fnNames":{}}}
,"/Users/steven.barquet/repos/monorepo-template-2026-react-vite-express/apps/backend/src/api/v1/ws-triggers/constants.ts": {"path":"/Users/steven.barquet/repos/monorepo-template-2026-react-vite-express/apps/backend/src/api/v1/ws-triggers/constants.ts","statementMap":{"0":{"start":{"line":5,"column":48},"end":{"line":5,"column":null}},"1":{"start":{"line":7,"column":2},"end":{"line":12,"column":null}}},"fnMap":{"0":{"name":"buildNotification","decl":{"start":{"line":4,"column":16},"end":{"line":4,"column":34}},"loc":{"start":{"line":4,"column":72},"end":{"line":13,"column":null}},"line":4}},"branchMap":{"0":{"loc":{"start":{"line":5,"column":10},"end":{"line":5,"column":48}},"type":"default-arg","locations":[{"start":{"line":5,"column":20},"end":{"line":5,"column":48}}],"line":5}},"s":{"0":0,"1":0},"f":{"0":0},"b":{"0":[0]},"meta":{"lastBranch":1,"lastFunction":1,"lastStatement":2,"seen":{"f:4:16:4:34":0,"s:5:48:5:Infinity":0,"b:5:20:5:48":0,"s:7:2:12:Infinity":1},"fnNames":{}}}
,"/Users/steven.barquet/repos/monorepo-template-2026-react-vite-express/apps/backend/src/api/v1/ws-triggers/controller.ts": {"path":"/Users/steven.barquet/repos/monorepo-template-2026-react-vite-express/apps/backend/src/api/v1/ws-triggers/controller.ts","statementMap":{"0":{"start":{"line":6,"column":15},"end":{"line":6,"column":null}},"1":{"start":{"line":8,"column":0},"end":{"line":8,"column":null}},"2":{"start":{"line":10,"column":32},"end":{"line":10,"column":null}},"3":{"start":{"line":29,"column":31},"end":{"line":33,"column":null}},"4":{"start":{"line":35,"column":17},"end":{"line":35,"column":null}},"5":{"start":{"line":36,"column":2},"end":{"line":36,"column":null}},"6":{"start":{"line":40,"column":35},"end":{"line":40,"column":null}},"7":{"start":{"line":42,"column":18},"end":{"line":42,"column":null}},"8":{"start":{"line":42,"column":47},"end":{"line":42,"column":78}},"9":{"start":{"line":44,"column":2},"end":{"line":47,"column":null}},"10":{"start":{"line":45,"column":4},"end":{"line":45,"column":null}},"11":{"start":{"line":46,"column":4},"end":{"line":46,"column":null}},"12":{"start":{"line":49,"column":13},"end":{"line":49,"column":null}},"13":{"start":{"line":50,"column":2},"end":{"line":68,"column":null}},"14":{"start":{"line":50,"column":15},"end":{"line":50,"column":18}},"15":{"start":{"line":51,"column":10},"end":{"line":61,"column":null}},"16":{"start":{"line":52,"column":12},"end":{"line":52,"column":null}},"17":{"start":{"line":53,"column":18},"end":{"line":53,"column":null}},"18":{"start":{"line":54,"column":6},"end":{"line":58,"column":null}},"19":{"start":{"line":55,"column":8},"end":{"line":57,"column":null}},"20":{"start":{"line":56,"column":10},"end":{"line":56,"column":null}},"21":{"start":{"line":59,"column":6},"end":{"line":59,"column":null}},"22":{"start":{"line":60,"column":6},"end":{"line":60,"column":null}},"23":{"start":{"line":63,"column":4},"end":{"line":67,"column":null}},"24":{"start":{"line":64,"column":6},"end":{"line":64,"column":null}},"25":{"start":{"line":66,"column":6},"end":{"line":66,"column":null}},"26":{"start":{"line":70,"column":2},"end":{"line":70,"column":null}}},"fnMap":{"0":{"name":"logic","decl":{"start":{"line":28,"column":9},"end":{"line":28,"column":15}},"loc":{"start":{"line":28,"column":89},"end":{"line":37,"column":null}},"line":28},"1":{"name":"broadcastMessages","decl":{"start":{"line":39,"column":9},"end":{"line":39,"column":27}},"loc":{"start":{"line":39,"column":49},"end":{"line":71,"column":null}},"line":39},"2":{"name":"(anonymous_2)","decl":{"start":{"line":42,"column":35},"end":{"line":42,"column":42}},"loc":{"start":{"line":42,"column":47},"end":{"line":42,"column":78}},"line":42},"3":{"name":"(anonymous_3)","decl":{"start":{"line":51,"column":10},"end":{"line":51,"column":26}},"loc":{"start":{"line":51,"column":26},"end":{"line":61,"column":null}},"line":51}},"branchMap":{"0":{"loc":{"start":{"line":30,"column":11},"end":{"line":30,"column":null}},"type":"binary-expr","locations":[{"start":{"line":30,"column":11},"end":{"line":30,"column":38}},{"start":{"line":30,"column":38},"end":{"line":30,"column":null}}],"line":30},"1":{"loc":{"start":{"line":31,"column":11},"end":{"line":31,"column":null}},"type":"binary-expr","locations":[{"start":{"line":31,"column":11},"end":{"line":31,"column":38}},{"start":{"line":31,"column":38},"end":{"line":31,"column":null}}],"line":31},"2":{"loc":{"start":{"line":32,"column":14},"end":{"line":32,"column":null}},"type":"binary-expr","locations":[{"start":{"line":32,"column":14},"end":{"line":32,"column":46}},{"start":{"line":32,"column":46},"end":{"line":32,"column":null}}],"line":32},"3":{"loc":{"start":{"line":40,"column":10},"end":{"line":40,"column":21}},"type":"default-arg","locations":[{"start":{"line":40,"column":18},"end":{"line":40,"column":21}}],"line":40},"4":{"loc":{"start":{"line":40,"column":21},"end":{"line":40,"column":35}},"type":"default-arg","locations":[{"start":{"line":40,"column":29},"end":{"line":40,"column":35}}],"line":40},"5":{"loc":{"start":{"line":44,"column":2},"end":{"line":47,"column":null}},"type":"if","locations":[{"start":{"line":44,"column":2},"end":{"line":47,"column":null}},{"start":{},"end":{}}],"line":44},"6":{"loc":{"start":{"line":55,"column":8},"end":{"line":57,"column":null}},"type":"if","locations":[{"start":{"line":55,"column":8},"end":{"line":57,"column":null}},{"start":{},"end":{}}],"line":55},"7":{"loc":{"start":{"line":63,"column":4},"end":{"line":67,"column":null}},"type":"if","locations":[{"start":{"line":63,"column":4},"end":{"line":67,"column":null}},{"start":{"line":65,"column":11},"end":{"line":67,"column":null}}],"line":63}},"s":{"0":3,"1":3,"2":3,"3":0,"4":0,"5":0,"6":0,"7":0,"8":0,"9":0,"10":0,"11":0,"12":0,"13":0,"14":0,"15":0,"16":0,"17":0,"18":0,"19":0,"20":0,"21":0,"22":0,"23":0,"24":0,"25":0,"26":0},"f":{"0":0,"1":0,"2":0,"3":0},"b":{"0":[0,0],"1":[0,0],"2":[0,0],"3":[0],"4":[0],"5":[0,0],"6":[0,0],"7":[0,0]},"meta":{"lastBranch":8,"lastFunction":4,"lastStatement":27,"seen":{"s:6:15:6:Infinity":0,"s:8:0:8:Infinity":1,"s:10:32:10:Infinity":2,"f:28:9:28:15":0,"s:29:31:33:Infinity":3,"b:30:11:30:38:30:38:30:Infinity":0,"b:31:11:31:38:31:38:31:Infinity":1,"b:32:14:32:46:32:46:32:Infinity":2,"s:35:17:35:Infinity":4,"s:36:2:36:Infinity":5,"f:39:9:39:27":1,"s:40:35:40:Infinity":6,"b:40:18:40:21":3,"b:40:29:40:35":4,"s:42:18:42:Infinity":7,"f:42:35:42:42":2,"s:42:47:42:78":8,"b:44:2:47:Infinity:undefined:undefined:undefined:undefined":5,"s:44:2:47:Infinity":9,"s:45:4:45:Infinity":10,"s:46:4:46:Infinity":11,"s:49:13:49:Infinity":12,"s:50:2:68:Infinity":13,"s:50:15:50:18":14,"s:51:10:61:Infinity":15,"f:51:10:51:26":3,"s:52:12:52:Infinity":16,"s:53:18:53:Infinity":17,"s:54:6:58:Infinity":18,"b:55:8:57:Infinity:undefined:undefined:undefined:undefined":6,"s:55:8:57:Infinity":19,"s:56:10:56:Infinity":20,"s:59:6:59:Infinity":21,"s:60:6:60:Infinity":22,"b:63:4:67:Infinity:65:11:67:Infinity":7,"s:63:4:67:Infinity":23,"s:64:6:64:Infinity":24,"s:66:6:66:Infinity":25,"s:70:2:70:Infinity":26},"fnNames":{}}}
,"/Users/steven.barquet/repos/monorepo-template-2026-react-vite-express/apps/backend/src/app/express-app.ts": {"path":"/Users/steven.barquet/repos/monorepo-template-2026-react-vite-express/apps/backend/src/app/express-app.ts","statementMap":{"0":{"start":{"line":9,"column":8},"end":{"line":9,"column":null}},"1":{"start":{"line":11,"column":2},"end":{"line":11,"column":null}},"2":{"start":{"line":13,"column":2},"end":{"line":17,"column":null}},"3":{"start":{"line":14,"column":4},"end":{"line":16,"column":null}},"4":{"start":{"line":20,"column":2},"end":{"line":20,"column":null}},"5":{"start":{"line":22,"column":2},"end":{"line":22,"column":null}},"6":{"start":{"line":23,"column":2},"end":{"line":23,"column":null}},"7":{"start":{"line":24,"column":2},"end":{"line":24,"column":null}},"8":{"start":{"line":27,"column":23},"end":{"line":27,"column":null}}},"fnMap":{"0":{"name":"generateMainApp","decl":{"start":{"line":8,"column":9},"end":{"line":8,"column":27}},"loc":{"start":{"line":8,"column":27},"end":{"line":25,"column":null}},"line":8},"1":{"name":"(anonymous_1)","decl":{"start":{"line":13,"column":35},"end":{"line":13,"column":41}},"loc":{"start":{"line":13,"column":54},"end":{"line":17,"column":3}},"line":13}},"branchMap":{},"s":{"0":3,"1":3,"2":3,"3":1,"4":3,"5":3,"6":3,"7":3,"8":3},"f":{"0":3,"1":1},"b":{},"meta":{"lastBranch":0,"lastFunction":2,"lastStatement":9,"seen":{"f:8:9:8:27":0,"s:9:8:9:Infinity":0,"s:11:2:11:Infinity":1,"s:13:2:17:Infinity":2,"f:13:35:13:41":1,"s:14:4:16:Infinity":3,"s:20:2:20:Infinity":4,"s:22:2:22:Infinity":5,"s:23:2:23:Infinity":6,"s:24:2:24:Infinity":7,"s:27:23:27:Infinity":8},"fnNames":{}}}
,"/Users/steven.barquet/repos/monorepo-template-2026-react-vite-express/apps/backend/src/app/ws.ts": {"path":"/Users/steven.barquet/repos/monorepo-template-2026-react-vite-express/apps/backend/src/app/ws.ts","statementMap":{"0":{"start":{"line":4,"column":12},"end":{"line":4,"column":null}},"1":{"start":{"line":7,"column":0},"end":{"line":10,"column":null}},"2":{"start":{"line":8,"column":2},"end":{"line":8,"column":null}},"3":{"start":{"line":9,"column":2},"end":{"line":9,"column":null}},"4":{"start":{"line":9,"column":23},"end":{"line":9,"column":62}},"5":{"start":{"line":14,"column":2},"end":{"line":23,"column":null}},"6":{"start":{"line":15,"column":4},"end":{"line":22,"column":null}},"7":{"start":{"line":16,"column":6},"end":{"line":18,"column":null}},"8":{"start":{"line":17,"column":8},"end":{"line":17,"column":null}},"9":{"start":{"line":21,"column":6},"end":{"line":21,"column":null}}},"fnMap":{"0":{"name":"(anonymous_0)","decl":{"start":{"line":7,"column":7},"end":{"line":7,"column":22}},"loc":{"start":{"line":7,"column":34},"end":{"line":10,"column":1}},"line":7},"1":{"name":"(anonymous_1)","decl":{"start":{"line":9,"column":8},"end":{"line":9,"column":23}},"loc":{"start":{"line":9,"column":23},"end":{"line":9,"column":62}},"line":9},"2":{"name":"attachWebSocket","decl":{"start":{"line":13,"column":16},"end":{"line":13,"column":32}},"loc":{"start":{"line":13,"column":48},"end":{"line":24,"column":null}},"line":13},"3":{"name":"(anonymous_3)","decl":{"start":{"line":14,"column":12},"end":{"line":14,"column":24}},"loc":{"start":{"line":14,"column":46},"end":{"line":23,"column":3}},"line":14},"4":{"name":"(anonymous_4)","decl":{"start":{"line":16,"column":37},"end":{"line":16,"column":44}},"loc":{"start":{"line":16,"column":51},"end":{"line":18,"column":7}},"line":16}},"branchMap":{"0":{"loc":{"start":{"line":15,"column":4},"end":{"line":22,"column":null}},"type":"if","locations":[{"start":{"line":15,"column":4},"end":{"line":22,"column":null}},{"start":{"line":20,"column":9},"end":{"line":22,"column":null}}],"line":15}},"s":{"0":3,"1":3,"2":0,"3":0,"4":0,"5":0,"6":0,"7":0,"8":0,"9":0},"f":{"0":0,"1":0,"2":0,"3":0,"4":0},"b":{"0":[0,0]},"meta":{"lastBranch":1,"lastFunction":5,"lastStatement":10,"seen":{"s:4:12:4:Infinity":0,"s:7:0:10:Infinity":1,"f:7:7:7:22":0,"s:8:2:8:Infinity":2,"s:9:2:9:Infinity":3,"f:9:8:9:23":1,"s:9:23:9:62":4,"f:13:16:13:32":2,"s:14:2:23:Infinity":5,"f:14:12:14:24":3,"b:15:4:22:Infinity:20:9:22:Infinity":0,"s:15:4:22:Infinity":6,"s:16:6:18:Infinity":7,"f:16:37:16:44":4,"s:17:8:17:Infinity":8,"s:21:6:21:Infinity":9},"fnNames":{}}}
,"/Users/steven.barquet/repos/monorepo-template-2026-react-vite-express/apps/backend/src/configs/typed-envs.ts": {"path":"/Users/steven.barquet/repos/monorepo-template-2026-react-vite-express/apps/backend/src/configs/typed-envs.ts","statementMap":{"0":{"start":{"line":6,"column":26},"end":{"line":6,"column":null}}},"fnMap":{},"branchMap":{},"s":{"0":3},"f":{},"b":{},"meta":{"lastBranch":0,"lastFunction":0,"lastStatement":1,"seen":{"s:6:26:6:Infinity":0},"fnNames":{}}}
,"/Users/steven.barquet/repos/monorepo-template-2026-react-vite-express/apps/backend/src/configs/envs/default.ts": {"path":"/Users/steven.barquet/repos/monorepo-template-2026-react-vite-express/apps/backend/src/configs/envs/default.ts","statementMap":{"0":{"start":{"line":4,"column":9},"end":{"line":4,"column":null}},"1":{"start":{"line":6,"column":25},"end":{"line":6,"column":null}},"2":{"start":{"line":9,"column":27},"end":{"line":9,"column":null}}},"fnMap":{},"branchMap":{"0":{"loc":{"start":{"line":6,"column":25},"end":{"line":6,"column":null}},"type":"binary-expr","locations":[{"start":{"line":6,"column":25},"end":{"line":6,"column":61}},{"start":{"line":6,"column":61},"end":{"line":6,"column":null}}],"line":6}},"s":{"0":3,"1":3,"2":3},"f":{},"b":{"0":[3,3]},"meta":{"lastBranch":1,"lastFunction":0,"lastStatement":3,"seen":{"s:4:9:4:Infinity":0,"s:6:25:6:Infinity":1,"b:6:25:6:61:6:61:6:Infinity":0,"s:9:27:9:Infinity":2},"fnNames":{}}}
,"/Users/steven.barquet/repos/monorepo-template-2026-react-vite-express/apps/backend/src/configs/envs/dev.ts": {"path":"/Users/steven.barquet/repos/monorepo-template-2026-react-vite-express/apps/backend/src/configs/envs/dev.ts","statementMap":{"0":{"start":{"line":3,"column":11},"end":{"line":3,"column":null}},"1":{"start":{"line":5,"column":17},"end":{"line":5,"column":null}},"2":{"start":{"line":8,"column":23},"end":{"line":8,"column":null}}},"fnMap":{},"branchMap":{},"s":{"0":3,"1":3,"2":3},"f":{},"b":{},"meta":{"lastBranch":0,"lastFunction":0,"lastStatement":3,"seen":{"s:3:11:3:Infinity":0,"s:5:17:5:Infinity":1,"s:8:23:8:Infinity":2},"fnNames":{}}}
,"/Users/steven.barquet/repos/monorepo-template-2026-react-vite-express/apps/backend/src/configs/envs/index.ts": {"path":"/Users/steven.barquet/repos/monorepo-template-2026-react-vite-express/apps/backend/src/configs/envs/index.ts","statementMap":{"0":{"start":{"line":6,"column":2},"end":{"line":6,"column":null}},"1":{"start":{"line":8,"column":20},"end":{"line":12,"column":null}},"2":{"start":{"line":14,"column":12},"end":{"line":14,"column":null}},"3":{"start":{"line":17,"column":17},"end":{"line":17,"column":null}},"4":{"start":{"line":19,"column":4},"end":{"line":25,"column":null}},"5":{"start":{"line":20,"column":18},"end":{"line":20,"column":null}},"6":{"start":{"line":22,"column":22},"end":{"line":22,"column":null}},"7":{"start":{"line":23,"column":6},"end":{"line":24,"column":null}},"8":{"start":{"line":24,"column":8},"end":{"line":24,"column":null}},"9":{"start":{"line":26,"column":4},"end":{"line":26,"column":null}},"10":{"start":{"line":30,"column":4},"end":{"line":30,"column":null}},"11":{"start":{"line":30,"column":57},"end":{"line":30,"column":null}},"12":{"start":{"line":31,"column":4},"end":{"line":31,"column":null}},"13":{"start":{"line":31,"column":29},"end":{"line":31,"column":null}},"14":{"start":{"line":32,"column":4},"end":{"line":32,"column":null}},"15":{"start":{"line":36,"column":28},"end":{"line":36,"column":null}}},"fnMap":{"0":{"name":"verify","decl":{"start":{"line":16,"column":2},"end":{"line":16,"column":11}},"loc":{"start":{"line":16,"column":11},"end":{"line":27,"column":null}},"line":16},"1":{"name":"isValidValue","decl":{"start":{"line":29,"column":2},"end":{"line":29,"column":15}},"loc":{"start":{"line":29,"column":49},"end":{"line":33,"column":null}},"line":29}},"branchMap":{"0":{"loc":{"start":{"line":6,"column":2},"end":{"line":6,"column":null}},"type":"cond-expr","locations":[{"start":{"line":6,"column":56},"end":{"line":6,"column":67}},{"start":{"line":6,"column":67},"end":{"line":6,"column":null}}],"line":6},"1":{"loc":{"start":{"line":23,"column":6},"end":{"line":24,"column":null}},"type":"if","locations":[{"start":{"line":23,"column":6},"end":{"line":24,"column":null}},{"start":{},"end":{}}],"line":23},"2":{"loc":{"start":{"line":30,"column":4},"end":{"line":30,"column":null}},"type":"if","locations":[{"start":{"line":30,"column":4},"end":{"line":30,"column":null}},{"start":{},"end":{}}],"line":30},"3":{"loc":{"start":{"line":30,"column":8},"end":{"line":30,"column":57}},"type":"binary-expr","locations":[{"start":{"line":30,"column":8},"end":{"line":30,"column":37}},{"start":{"line":30,"column":37},"end":{"line":30,"column":57}}],"line":30},"4":{"loc":{"start":{"line":31,"column":4},"end":{"line":31,"column":null}},"type":"if","locations":[{"start":{"line":31,"column":4},"end":{"line":31,"column":null}},{"start":{},"end":{}}],"line":31}},"s":{"0":3,"1":3,"2":3,"3":3,"4":3,"5":15,"6":15,"7":15,"8":0,"9":3,"10":15,"11":0,"12":15,"13":0,"14":15,"15":3},"f":{"0":3,"1":15},"b":{"0":[0,3],"1":[0,15],"2":[0,15],"3":[15,12],"4":[0,15]},"meta":{"lastBranch":5,"lastFunction":2,"lastStatement":16,"seen":{"s:6:2:6:Infinity":0,"s:8:20:12:Infinity":1,"s:14:12:14:Infinity":2,"b:6:56:6:67:6:67:6:Infinity":0,"f:16:2:16:11":0,"s:17:17:17:Infinity":3,"s:19:4:25:Infinity":4,"s:20:18:20:Infinity":5,"s:22:22:22:Infinity":6,"b:23:6:24:Infinity:undefined:undefined:undefined:undefined":1,"s:23:6:24:Infinity":7,"s:24:8:24:Infinity":8,"s:26:4:26:Infinity":9,"f:29:2:29:15":1,"b:30:4:30:Infinity:undefined:undefined:undefined:undefined":2,"s:30:4:30:Infinity":10,"b:30:8:30:37:30:37:30:57":3,"s:30:57:30:Infinity":11,"b:31:4:31:Infinity:undefined:undefined:undefined:undefined":4,"s:31:4:31:Infinity":12,"s:31:29:31:Infinity":13,"s:32:4:32:Infinity":14,"s:36:28:36:Infinity":15},"fnNames":{}}}
,"/Users/steven.barquet/repos/monorepo-template-2026-react-vite-express/apps/backend/src/configs/envs/prod.ts": {"path":"/Users/steven.barquet/repos/monorepo-template-2026-react-vite-express/apps/backend/src/configs/envs/prod.ts","statementMap":{"0":{"start":{"line":6,"column":11},"end":{"line":6,"column":null}},"1":{"start":{"line":8,"column":17},"end":{"line":8,"column":null}},"2":{"start":{"line":11,"column":24},"end":{"line":11,"column":null}}},"fnMap":{},"branchMap":{"0":{"loc":{"start":{"line":6,"column":11},"end":{"line":6,"column":null}},"type":"binary-expr","locations":[{"start":{"line":6,"column":11},"end":{"line":6,"column":33}},{"start":{"line":6,"column":33},"end":{"line":6,"column":null}}],"line":6}},"s":{"0":3,"1":3,"2":3},"f":{},"b":{"0":[3,3]},"meta":{"lastBranch":1,"lastFunction":0,"lastStatement":3,"seen":{"s:6:11:6:Infinity":0,"s:8:17:8:Infinity":1,"b:6:11:6:33:6:33:6:Infinity":0,"s:11:24:11:Infinity":2},"fnNames":{}}}
,"/Users/steven.barquet/repos/monorepo-template-2026-react-vite-express/apps/backend/src/configs/envs/secrets.ts": {"path":"/Users/steven.barquet/repos/monorepo-template-2026-react-vite-express/apps/backend/src/configs/envs/secrets.ts","statementMap":{"0":{"start":{"line":5,"column":24},"end":{"line":5,"column":null}},"1":{"start":{"line":6,"column":9},"end":{"line":6,"column":null}},"2":{"start":{"line":10,"column":46},"end":{"line":10,"column":null}}},"fnMap":{},"branchMap":{},"s":{"0":3,"1":3,"2":3},"f":{},"b":{},"meta":{"lastBranch":0,"lastFunction":0,"lastStatement":3,"seen":{"s:5:24:5:Infinity":0,"s:6:9:6:Infinity":1,"s:10:46:10:Infinity":2},"fnNames":{}}}
,"/Users/steven.barquet/repos/monorepo-template-2026-react-vite-express/apps/backend/src/middlewares/general-and-small.ts": {"path":"/Users/steven.barquet/repos/monorepo-template-2026-react-vite-express/apps/backend/src/middlewares/general-and-small.ts","statementMap":{"0":{"start":{"line":11,"column":2},"end":{"line":11,"column":null}},"1":{"start":{"line":12,"column":2},"end":{"line":12,"column":null}},"2":{"start":{"line":13,"column":2},"end":{"line":13,"column":null}},"3":{"start":{"line":14,"column":2},"end":{"line":14,"column":null}},"4":{"start":{"line":19,"column":2},"end":{"line":19,"column":null}},"5":{"start":{"line":20,"column":16},"end":{"line":20,"column":null}},"6":{"start":{"line":21,"column":2},"end":{"line":21,"column":null}},"7":{"start":{"line":26,"column":21},"end":{"line":26,"column":null}},"8":{"start":{"line":27,"column":2},"end":{"line":27,"column":null}},"9":{"start":{"line":28,"column":2},"end":{"line":31,"column":null}}},"fnMap":{"0":{"name":"attachHeaderMiddlewares","decl":{"start":{"line":10,"column":16},"end":{"line":10,"column":40}},"loc":{"start":{"line":10,"column":54},"end":{"line":15,"column":null}},"line":10},"1":{"name":"notFound","decl":{"start":{"line":18,"column":16},"end":{"line":18,"column":25}},"loc":{"start":{"line":18,"column":74},"end":{"line":22,"column":null}},"line":18},"2":{"name":"errorHandler","decl":{"start":{"line":25,"column":16},"end":{"line":25,"column":29}},"loc":{"start":{"line":25,"column":106},"end":{"line":32,"column":null}},"line":25}},"branchMap":{"0":{"loc":{"start":{"line":26,"column":21},"end":{"line":26,"column":null}},"type":"cond-expr","locations":[{"start":{"line":26,"column":46},"end":{"line":26,"column":63}},{"start":{"line":26,"column":63},"end":{"line":26,"column":null}}],"line":26},"1":{"loc":{"start":{"line":30,"column":11},"end":{"line":30,"column":null}},"type":"cond-expr","locations":[{"start":{"line":30,"column":50},"end":{"line":30,"column":57}},{"start":{"line":30,"column":57},"end":{"line":30,"column":null}}],"line":30}},"s":{"0":3,"1":3,"2":3,"3":3,"4":1,"5":1,"6":1,"7":1,"8":1,"9":1},"f":{"0":3,"1":1,"2":1},"b":{"0":[1,0],"1":[0,1]},"meta":{"lastBranch":2,"lastFunction":3,"lastStatement":10,"seen":{"f:10:16:10:40":0,"s:11:2:11:Infinity":0,"s:12:2:12:Infinity":1,"s:13:2:13:Infinity":2,"s:14:2:14:Infinity":3,"f:18:16:18:25":1,"s:19:2:19:Infinity":4,"s:20:16:20:Infinity":5,"s:21:2:21:Infinity":6,"f:25:16:25:29":2,"s:26:21:26:Infinity":7,"b:26:46:26:63:26:63:26:Infinity":0,"s:27:2:27:Infinity":8,"s:28:2:31:Infinity":9,"b:30:50:30:57:30:57:30:Infinity":1},"fnNames":{}}}
}
